===========Port detector init at 2019-12-04 15:27:14.019265 ===========
Params = ['/home/vuser/hdd-testing/portdetector.py', 'sda', '/devices/pci0000:00/0000:00:1f.2/ata1/host1/target1:0:0/1:0:0:0/block/sda']
===========Port detector init at 2019-12-04 15:39:28.231934 ===========
Params = ['/home/vuser/hdd-testing/portdetector.py', 'sda', '/devices/pci0000:00/0000:00:1f.2/ata1/host1/target1:0:0/1:0:0:0/block/sda']
===========Port detector init at 2019-12-04 15:51:54.738256 ===========
Params = ['/home/vuser/hdd-testing/portdetector.py', 'sda', '/devices/pci0000:00/0000:00:1f.2/ata1/host1/target1:0:0/1:0:0:0/block/sda', 'sda']
===========Port detector init at 2019-12-04 16:01:21.509643 ===========
Params = ['/home/vuser/hdd-testing/portdetector.py', 'sda', '/devices/pci0000:00/0000:00:1f.2/ata1/host1/target1:0:0/1:0:0:0/block/sda', 'sda']
===========Port detector init at 2019-12-04 16:56:26.852305 ===========
Params = ['/home/vuser/hdd-testing/portdetector.py', 'sde', '/devices/pci0000:00/0000:00:01.0/0000:01:00.0/host0/port-0:39/end_device-0:39/target0:0:39/0:0:39:0/block/sde', 'sde']
===========Port detector init at 2019-12-04 16:58:15.933315 ===========
Params = ['/home/vuser/hdd-testing/portdetector.py', 'sde', '/devices/pci0000:00/0000:00:01.0/0000:01:00.0/host0/port-0:39/end_device-0:39/target0:0:39/0:0:39:0/block/sde', 'sde']
Couldn't find port for /dev/sde!
===========Port detector init at 2019-12-04 17:02:18.766439 ===========
Params = ['/home/vuser/hdd-testing/portdetector.py', 'sde', '/devices/pci0000:00/0000:00:01.0/0000:01:00.0/host0/port-0:39/end_device-0:39/target0:0:39/0:0:39:0/block/sde', 'sde']
Couldn't find port for /dev/sde!
===========Port detector init at 2019-12-04 17:24:54.790515 ===========
Params = ['/home/vuser/hdd-testing/portdetector.py', 'sde', '/devices/pci0000:00/0000:00:01.0/0000:01:00.0/host0/port-0:40/end_device-0:40/target0:0:40/0:0:40:0/block/sde', 'sde']
Couldn't find port for /dev/sde!
===========Port detector init at 2019-12-04 17:27:27.313338 ===========
Params = ['/home/vuser/hdd-testing/portdetector.py', 'sde', '/devices/pci0000:00/0000:00:01.0/0000:01:00.0/host0/port-0:40/end_device-0:40/target0:0:40/0:0:40:0/block/sde', 'sde']
Couldn't find port for /dev/sde!PCI: [0000:01:00.0], Serial: WDWCAT16599125, Syspath: /sys/devices/pci0000:00/0000:00:01.0/0000:01:00.0/host0/port-0:40/end_device-0:40/target0:0:40/0:0:40:0/block/sde
===========Port detector init at 2019-12-04 17:29:02.506047 ===========
Params = ['/home/vuser/hdd-testing/portdetector.py', 'sde', '/devices/pci0000:00/0000:00:01.0/0000:01:00.0/host0/port-0:40/end_device-0:40/target0:0:40/0:0:40:0/block/sde', 'sde']
Couldn't find port for /dev/sde!
PCI: [0000:01:00.0], Serial: WDWCAT16599125, Syspath: /sys/devices/pci0000:00/0000:00:01.0/0000:01:00.0/host0/port-0:40/end_device-0:40/target0:0:40/0:0:40:0/block/sde
SAS devices: []
===========Port detector init at 2019-12-04 17:33:27.124888 ===========
Params = ['/home/vuser/hdd-testing/portdetector.py', 'sde', '/devices/pci0000:00/0000:00:01.0/0000:01:00.0/host0/port-0:40/end_device-0:40/target0:0:40/0:0:40:0/block/sde', 'sde']
Couldn't find port for /dev/sde!
PCI: [0000:01:00.0], Serial: WDWCAT16599125, Syspath: /sys/devices/pci0000:00/0000:00:01.0/0000:01:00.0/host0/port-0:40/end_device-0:40/target0:0:40/0:0:40:0/block/sde
SAS devices: []
===========Port detector init at 2019-12-04 17:33:46.896397 ===========
Params = ['']
===========Port detector init at 2019-12-18 13:28:27.704996 ===========
Params = ['./portdetector.py', 'sda', '/']
